<?xml version="1.0" encoding="UTF-8"?>
<!-- Generated by org.testng.reporters.JUnitXMLReporter -->
<testsuite hostname="DESKTOP-3H266RJ" ignored="0" name="Complete test run" tests="1" failures="1" timestamp="16 Apr 2020 05:53:58 GMT" time="33.816" errors="0">
  <testcase name="runScenario" time="29.424" classname="io.cucumber.testng.AbstractTestNGCucumberTests">
    <failure type="cucumber.runtime.CucumberException" message="Hooks must declare 0 or 1 arguments. public void steps.Hook.TearDownTest(io.cucumber.core.api.Scenario,org.testng.ITestResult) throws java.io.IOException">
      <![CDATA[cucumber.runtime.CucumberException: Hooks must declare 0 or 1 arguments. public void steps.Hook.TearDownTest(io.cucumber.core.api.Scenario,org.testng.ITestResult) throws java.io.IOException
at cucumber.runtime.java.JavaHookDefinition.execute(JavaHookDefinition.java:62)
at cucumber.runner.HookDefinitionMatch.runStep(HookDefinitionMatch.java:16)
at cucumber.runner.TestStep.executeStep(TestStep.java:65)
at cucumber.runner.TestStep.run(TestStep.java:50)
at cucumber.runner.TestCase.run(TestCase.java:50)
at cucumber.runner.Runner.runPickle(Runner.java:50)
at io.cucumber.testng.TestNGCucumberRunner.runScenario(TestNGCucumberRunner.java:79)
at io.cucumber.testng.AbstractTestNGCucumberTests.runScenario(AbstractTestNGCucumberTests.java:24)
... Removed 28 stack frames]]>
    </failure>
  </testcase> <!-- runScenario -->
</testsuite> <!-- Complete test run -->
